[INFO ][20180530 10:42:52,061][AbstractTestContextBootstrapper:248] Loaded default TestExecutionListener class names from location [META-INF/spring.factories]: [org.springframework.test.context.web.ServletTestExecutionListener, org.springframework.test.context.support.DirtiesContextBeforeModesTestExecutionListener, org.springframework.test.context.support.DependencyInjectionTestExecutionListener, org.springframework.test.context.support.DirtiesContextTestExecutionListener, org.springframework.test.context.transaction.TransactionalTestExecutionListener, org.springframework.test.context.jdbc.SqlScriptsTestExecutionListener]
[INFO ][20180530 10:42:52,095][AbstractTestContextBootstrapper:177] Using TestExecutionListeners: [org.springframework.test.context.web.ServletTestExecutionListener@7d70d1b1, org.springframework.test.context.support.DirtiesContextBeforeModesTestExecutionListener@2a742aa2, org.springframework.test.context.support.DependencyInjectionTestExecutionListener@3cb1ffe6, org.springframework.test.context.support.DirtiesContextTestExecutionListener@3dfc5fb8, org.springframework.test.context.transaction.TransactionalTestExecutionListener@467aecef, org.springframework.test.context.jdbc.SqlScriptsTestExecutionListener@4d50efb8]
[INFO ][20180530 10:42:52,251][XmlBeanDefinitionReader:316] Loading XML bean definitions from class path resource [spring/spring-content.xml]
[INFO ][20180530 10:42:52,637][XmlBeanDefinitionReader:316] Loading XML bean definitions from class path resource [spring/spring-mybatis.xml]
[INFO ][20180530 10:42:52,689][XmlBeanDefinitionReader:316] Loading XML bean definitions from class path resource [spring/spring-security.xml]
[INFO ][20180530 10:42:52,763][SecurityNamespaceHandler:78] Spring Security 'config' module version is 5.0.4.RELEASE
[INFO ][20180530 10:42:53,067][HttpSecurityBeanDefinitionParser:307] Checking sorted filter chain: [Root bean: class [org.springframework.security.web.context.SecurityContextPersistenceFilter]; scope=; abstract=false; lazyInit=false; autowireMode=0; dependencyCheck=0; autowireCandidate=true; primary=false; factoryBeanName=null; factoryMethodName=null; initMethodName=null; destroyMethodName=null, order = 200, Root bean: class [org.springframework.security.web.context.request.async.WebAsyncManagerIntegrationFilter]; scope=; abstract=false; lazyInit=false; autowireMode=0; dependencyCheck=0; autowireCandidate=true; primary=false; factoryBeanName=null; factoryMethodName=null; initMethodName=null; destroyMethodName=null, order = 400, Root bean: class [org.springframework.security.web.header.HeaderWriterFilter]; scope=; abstract=false; lazyInit=false; autowireMode=0; dependencyCheck=0; autowireCandidate=true; primary=false; factoryBeanName=null; factoryMethodName=null; initMethodName=null; destroyMethodName=null, order = 500, Root bean: class [org.springframework.security.web.authentication.logout.LogoutFilter]; scope=; abstract=false; lazyInit=false; autowireMode=0; dependencyCheck=0; autowireCandidate=true; primary=false; factoryBeanName=null; factoryMethodName=null; initMethodName=null; destroyMethodName=null, order = 800, <org.springframework.security.web.authentication.UsernamePasswordAuthenticationFilter#0>, order = 1200, Root bean: class [org.springframework.security.web.authentication.www.BasicAuthenticationFilter]; scope=; abstract=false; lazyInit=false; autowireMode=0; dependencyCheck=0; autowireCandidate=true; primary=false; factoryBeanName=null; factoryMethodName=null; initMethodName=null; destroyMethodName=null, order = 1600, Root bean: class [org.springframework.security.web.savedrequest.RequestCacheAwareFilter]; scope=; abstract=false; lazyInit=false; autowireMode=0; dependencyCheck=0; autowireCandidate=true; primary=false; factoryBeanName=null; factoryMethodName=null; initMethodName=null; destroyMethodName=null, order = 1700, Root bean: class [null]; scope=; abstract=false; lazyInit=false; autowireMode=0; dependencyCheck=0; autowireCandidate=true; primary=false; factoryBeanName=org.springframework.security.config.http.HttpConfigurationBuilder$SecurityContextHolderAwareRequestFilterBeanFactory#0; factoryMethodName=getBean; initMethodName=null; destroyMethodName=null, order = 1800, Root bean: class [org.springframework.security.web.authentication.AnonymousAuthenticationFilter]; scope=; abstract=false; lazyInit=false; autowireMode=0; dependencyCheck=0; autowireCandidate=true; primary=false; factoryBeanName=null; factoryMethodName=null; initMethodName=null; destroyMethodName=null, order = 2100, Root bean: class [org.springframework.security.web.session.SessionManagementFilter]; scope=; abstract=false; lazyInit=false; autowireMode=0; dependencyCheck=0; autowireCandidate=true; primary=false; factoryBeanName=null; factoryMethodName=null; initMethodName=null; destroyMethodName=null, order = 2200, Root bean: class [org.springframework.security.web.access.ExceptionTranslationFilter]; scope=; abstract=false; lazyInit=false; autowireMode=0; dependencyCheck=0; autowireCandidate=true; primary=false; factoryBeanName=null; factoryMethodName=null; initMethodName=null; destroyMethodName=null, order = 2300, <org.springframework.security.web.access.intercept.FilterSecurityInterceptor#0>, order = 2400]
[INFO ][20180530 10:42:53,074][XmlBeanDefinitionReader:316] Loading XML bean definitions from class path resource [spring/spring-mvc.xml]
[INFO ][20180530 10:42:53,157][AbstractApplicationContext:589] Refreshing org.springframework.context.support.GenericApplicationContext@74ad1f1f: startup date [Wed May 30 10:42:53 CST 2018]; root of context hierarchy
[INFO ][20180530 10:42:53,427][AutowiredAnnotationBeanPostProcessor:154] JSR-330 'javax.inject.Inject' annotation found and supported for autowiring
[INFO ][20180530 10:42:55,055][DefaultSecurityFilterChain:43] Creating filter chain: Ant [pattern='/**/*.jpg'], []
[INFO ][20180530 10:42:55,064][DefaultSecurityFilterChain:43] Creating filter chain: Ant [pattern='/**/*.png'], []
[INFO ][20180530 10:42:55,067][DefaultSecurityFilterChain:43] Creating filter chain: Ant [pattern='/**/*.gif'], []
[INFO ][20180530 10:42:55,070][DefaultSecurityFilterChain:43] Creating filter chain: Ant [pattern='/**/*.css'], []
[INFO ][20180530 10:42:55,072][DefaultSecurityFilterChain:43] Creating filter chain: Ant [pattern='/**/*.js'], []
[INFO ][20180530 10:42:55,075][DefaultSecurityFilterChain:43] Creating filter chain: Ant [pattern='/user/register'], []
[INFO ][20180530 10:42:55,080][DefaultSecurityFilterChain:43] Creating filter chain: Ant [pattern='/user/login'], []
[INFO ][20180530 10:42:55,082][DefaultSecurityFilterChain:43] Creating filter chain: Ant [pattern='/user/sessionTimeOut'], []
[INFO ][20180530 10:42:55,349][DefaultSecurityFilterChain:43] Creating filter chain: org.springframework.security.web.util.matcher.AnyRequestMatcher@1, [org.springframework.security.web.context.SecurityContextPersistenceFilter@44b3606b, org.springframework.security.web.context.request.async.WebAsyncManagerIntegrationFilter@1477089c, org.springframework.security.web.header.HeaderWriterFilter@663411de, org.springframework.security.web.authentication.logout.LogoutFilter@63dd899, org.springframework.security.web.authentication.UsernamePasswordAuthenticationFilter@59d2400d, org.springframework.security.web.authentication.www.BasicAuthenticationFilter@75cd8043, org.springframework.security.web.savedrequest.RequestCacheAwareFilter@33b1c5c5, org.springframework.security.web.servletapi.SecurityContextHolderAwareRequestFilter@5b202a3a, org.springframework.security.web.authentication.AnonymousAuthenticationFilter@10b9db7b, org.springframework.security.web.session.SessionManagementFilter@9ef8eb7, org.springframework.security.web.access.ExceptionTranslationFilter@34cdeda2, org.springframework.security.web.access.intercept.FilterSecurityInterceptor@6ee660fb]
[INFO ][20180530 10:42:55,364][DefaultFilterChainValidator:154] Checking whether login URL '/user/login' is accessible with your configuration
[INFO ][20180530 10:42:55,523][TestPermission:143] The role who's id = 1 has permissions: 
[INFO ][20180530 10:42:56,061][TestPermission:146] Permission{PermissionName='ROLE_URL_HOME', PermissionDesc='访问主页'}
[INFO ][20180530 10:42:56,143][TestPermission:53] Inserted : Permission{PermissionName='duyanting3', PermissionDesc='null'}
[INFO ][20180530 10:42:56,149][TestPermission:55] Inserted : Permission{PermissionName='duyanting4', PermissionDesc='null'}
[INFO ][20180530 10:42:56,159][TestPermission:71] Permission2 Before Update: Permission{PermissionName='updatedname3', PermissionDesc='访问权限配置页面'}
[INFO ][20180530 10:42:56,160][TestPermission:72] Permission4 Before Update: Permission{PermissionName='updatedname5', PermissionDesc='修改所有权限配置'}
[INFO ][20180530 10:42:56,182][TestPermission:79] Permission2 After Updated: Permission{PermissionName='updatedname4', PermissionDesc='访问权限配置页面'}
[INFO ][20180530 10:42:56,187][TestPermission:80] Permission4 After Updated: Permission{PermissionName='updatedname5', PermissionDesc='修改所有权限配置'}
[INFO ][20180530 10:42:56,192][TestPermission:27] The permission who's id = 1 : Permission{PermissionName='ROLE_URL_HOME', PermissionDesc='访问主页'}
[INFO ][20180530 10:42:56,203][TestPermission:104] Item0:Permission{PermissionName='ROLE_URL_HOME', PermissionDesc='访问主页'}
[INFO ][20180530 10:42:56,204][TestPermission:104] Item1:Permission{PermissionName='updatedname4', PermissionDesc='访问权限配置页面'}
[INFO ][20180530 10:42:56,204][TestPermission:104] Item2:Permission{PermissionName='RES_SER_AUTHREAD', PermissionDesc='读取所有权限配置'}
[INFO ][20180530 10:42:56,204][TestPermission:104] Item3:Permission{PermissionName='updatedname5', PermissionDesc='修改所有权限配置'}
[INFO ][20180530 10:42:56,205][TestPermission:104] Item4:Permission{PermissionName='duyanting3', PermissionDesc='null'}
[INFO ][20180530 10:42:56,205][TestPermission:104] Item5:Permission{PermissionName='duyanting4', PermissionDesc='null'}
[INFO ][20180530 10:42:56,205][TestPermission:104] Item6:Permission{PermissionName='duyanting', PermissionDesc='null'}
[INFO ][20180530 10:42:56,205][TestPermission:104] Item7:Permission{PermissionName='duyanting3', PermissionDesc='null'}
[INFO ][20180530 10:42:56,205][TestPermission:104] Item8:Permission{PermissionName='duyanting4', PermissionDesc='null'}
[INFO ][20180530 10:42:56,207][TestPermission:152] The role who's rolename = superadmin has permissions: 
[INFO ][20180530 10:42:56,217][TestPermission:155] Permission{PermissionName='ROLE_URL_HOME', PermissionDesc='访问主页'}
[INFO ][20180530 10:42:56,222][TestPermission:86] Before Delete Permission{PermissionName='updatedname4', PermissionDesc='访问权限配置页面'}
[INFO ][20180530 10:42:56,234][TestPermission:88] After Deleted Permission{PermissionName='updatedname4', PermissionDesc='访问权限配置页面'}
[INFO ][20180530 10:42:56,242][TestPermission:95] Before Delete Permission{PermissionName='updatedname5', PermissionDesc='修改所有权限配置'}
[INFO ][20180530 10:42:56,253][TestPermission:97] After Deleted Permission{PermissionName='updatedname5', PermissionDesc='修改所有权限配置'}
[INFO ][20180530 10:42:56,264][TestPermission:39] Inserted : Permission{PermissionName='duyanting', PermissionDesc='null'}
[INFO ][20180530 10:42:56,271][TestPermission:124] Item0:Permission{PermissionName='ROLE_URL_HOME', PermissionDesc='访问主页'}
[INFO ][20180530 10:42:56,277][TestPermission:61] Before Update: Permission{PermissionName='updatedname4', PermissionDesc='访问权限配置页面'}
[INFO ][20180530 10:42:56,289][TestPermission:64] After Updated: Permission{PermissionName='updatedname3', PermissionDesc='访问权限配置页面'}
[INFO ][20180530 10:42:56,299][TestPermission:134] PageBean{currentPage=2, numPerPage=2, totalCount=8, pageCount=4, beginPageIndex=1, endPageIndex=4}
[INFO ][20180530 10:42:56,300][TestPermission:137] Item0:Permission{PermissionName='duyanting3', PermissionDesc='null'}
[INFO ][20180530 10:42:56,300][TestPermission:137] Item1:Permission{PermissionName='duyanting', PermissionDesc='null'}
[INFO ][20180530 10:42:56,304][AbstractTestContextBootstrapper:248] Loaded default TestExecutionListener class names from location [META-INF/spring.factories]: [org.springframework.test.context.web.ServletTestExecutionListener, org.springframework.test.context.support.DirtiesContextBeforeModesTestExecutionListener, org.springframework.test.context.support.DependencyInjectionTestExecutionListener, org.springframework.test.context.support.DirtiesContextTestExecutionListener, org.springframework.test.context.transaction.TransactionalTestExecutionListener, org.springframework.test.context.jdbc.SqlScriptsTestExecutionListener]
[INFO ][20180530 10:42:56,305][AbstractTestContextBootstrapper:177] Using TestExecutionListeners: [org.springframework.test.context.web.ServletTestExecutionListener@e260766, org.springframework.test.context.support.DirtiesContextBeforeModesTestExecutionListener@2c3dec30, org.springframework.test.context.support.DependencyInjectionTestExecutionListener@34a97744, org.springframework.test.context.support.DirtiesContextTestExecutionListener@4275c20c, org.springframework.test.context.transaction.TransactionalTestExecutionListener@7c56e013, org.springframework.test.context.jdbc.SqlScriptsTestExecutionListener@3fc9dfc5]
[INFO ][20180530 10:42:56,312][TestRole:142] The user who's id = 1 has roles : 
[INFO ][20180530 10:42:56,336][TestRole:145] Role{RoleName='updatedname3', RoleDesc='承运方账号', SuperRoleName='superadmin'}
[INFO ][20180530 10:42:56,336][TestRole:145] Role{RoleName='superadmin', RoleDesc='超级管理员', SuperRoleName='null'}
[INFO ][20180530 10:42:56,337][TestRole:145] Role{RoleName='government', RoleDesc='政府账号', SuperRoleName='superadmin'}
[INFO ][20180530 10:42:56,366][TestRole:52] Inserted : Role{RoleName='duyanting3', RoleDesc='null', SuperRoleName='null'}
[INFO ][20180530 10:42:56,372][TestRole:54] Inserted : Role{RoleName='duyanting4', RoleDesc='null', SuperRoleName='null'}
[INFO ][20180530 10:42:56,385][TestRole:70] Role2 Before Update: Role{RoleName='updatedname3', RoleDesc='承运方账号', SuperRoleName='superadmin'}
[INFO ][20180530 10:42:56,386][TestRole:71] Role4 Before Update: Role{RoleName='updatedname5', RoleDesc='承运方管理员', SuperRoleName='corpration'}
[INFO ][20180530 10:42:56,411][TestRole:78] Role2 After Updated: Role{RoleName='updatedname4', RoleDesc='承运方账号', SuperRoleName='superadmin'}
[INFO ][20180530 10:42:56,432][TestRole:79] Role4 After Updated: Role{RoleName='updatedname5', RoleDesc='承运方管理员', SuperRoleName='corpration'}
[INFO ][20180530 10:42:56,439][TestRole:26] The role who's id = 1 : Role{RoleName='superadmin', RoleDesc='超级管理员', SuperRoleName='null'}
[INFO ][20180530 10:42:56,450][TestRole:103] Item0:Role{RoleName='superadmin', RoleDesc='超级管理员', SuperRoleName='null'}
[INFO ][20180530 10:42:56,450][TestRole:103] Item1:Role{RoleName='updatedname4', RoleDesc='承运方账号', SuperRoleName='superadmin'}
[INFO ][20180530 10:42:56,451][TestRole:103] Item2:Role{RoleName='government', RoleDesc='政府账号', SuperRoleName='superadmin'}
[INFO ][20180530 10:42:56,451][TestRole:103] Item3:Role{RoleName='updatedname5', RoleDesc='承运方管理员', SuperRoleName='corpration'}
[INFO ][20180530 10:42:56,451][TestRole:103] Item4:Role{RoleName='corp_partner', RoleDesc='承运方合作方', SuperRoleName='corpration'}
[INFO ][20180530 10:42:56,451][TestRole:103] Item5:Role{RoleName='corp_employee', RoleDesc='承运方员工', SuperRoleName='corpration'}
[INFO ][20180530 10:42:56,451][TestRole:103] Item6:Role{RoleName='admin_warehouse', RoleDesc='仓库管理员', SuperRoleName='corp_admin'}
[INFO ][20180530 10:42:56,451][TestRole:103] Item7:Role{RoleName='admin_project', RoleDesc='项目管理员', SuperRoleName='corp_admin'}
[INFO ][20180530 10:42:56,452][TestRole:103] Item8:Role{RoleName='admin_finance', RoleDesc='财务管理员', SuperRoleName='corp_admin'}
[INFO ][20180530 10:42:56,452][TestRole:103] Item9:Role{RoleName='partner_consignor', RoleDesc='客户', SuperRoleName='corp_partner'}
[INFO ][20180530 10:42:56,452][TestRole:103] Item10:Role{RoleName='partner_manufacturer', RoleDesc='生产厂家', SuperRoleName='corp_partner'}
[INFO ][20180530 10:42:56,452][TestRole:103] Item11:Role{RoleName='partner_receiver', RoleDesc='收货方', SuperRoleName='corp_partner'}
[INFO ][20180530 10:42:56,453][TestRole:103] Item12:Role{RoleName='employee_driver', RoleDesc='驾驶员', SuperRoleName='corp_employee'}
[INFO ][20180530 10:42:56,453][TestRole:103] Item13:Role{RoleName='employee_supervisor', RoleDesc='监装员', SuperRoleName='corp_employee'}
[INFO ][20180530 10:42:56,453][TestRole:103] Item14:Role{RoleName='employee_craneman', RoleDesc='起重工', SuperRoleName='corp_employee'}
[INFO ][20180530 10:42:56,453][TestRole:103] Item15:Role{RoleName='employee_cranedriver', RoleDesc='行车工', SuperRoleName='corp_employee'}
[INFO ][20180530 10:42:56,453][TestRole:103] Item16:Role{RoleName='duyanting3', RoleDesc='null', SuperRoleName='null'}
[INFO ][20180530 10:42:56,453][TestRole:103] Item17:Role{RoleName='duyanting4', RoleDesc='null', SuperRoleName='null'}
[INFO ][20180530 10:42:56,454][TestRole:103] Item18:Role{RoleName='duyanting', RoleDesc='null', SuperRoleName='null'}
[INFO ][20180530 10:42:56,454][TestRole:103] Item19:Role{RoleName='duyanting3', RoleDesc='null', SuperRoleName='null'}
[INFO ][20180530 10:42:56,454][TestRole:103] Item20:Role{RoleName='duyanting4', RoleDesc='null', SuperRoleName='null'}
[INFO ][20180530 10:42:56,454][TestRole:103] Item21:Role{RoleName='duyanting3', RoleDesc='null', SuperRoleName='null'}
[INFO ][20180530 10:42:56,454][TestRole:103] Item22:Role{RoleName='duyanting4', RoleDesc='null', SuperRoleName='null'}
[INFO ][20180530 10:42:56,456][TestRole:151] The user who's username= superadmin has roles : 
[INFO ][20180530 10:42:56,474][TestRole:154] Role{RoleName='updatedname4', RoleDesc='承运方账号', SuperRoleName='superadmin'}
[INFO ][20180530 10:42:56,474][TestRole:154] Role{RoleName='superadmin', RoleDesc='超级管理员', SuperRoleName='null'}
[INFO ][20180530 10:42:56,474][TestRole:154] Role{RoleName='government', RoleDesc='政府账号', SuperRoleName='superadmin'}
[INFO ][20180530 10:42:56,479][TestRole:85] Before Delete Role{RoleName='updatedname4', RoleDesc='承运方账号', SuperRoleName='superadmin'}
[INFO ][20180530 10:42:56,488][TestRole:87] After Deleted Role{RoleName='updatedname4', RoleDesc='承运方账号', SuperRoleName='superadmin'}
[INFO ][20180530 10:42:56,497][TestRole:94] Before Delete Role{RoleName='updatedname5', RoleDesc='承运方管理员', SuperRoleName='corpration'}
[INFO ][20180530 10:42:56,508][TestRole:96] After Deleted Role{RoleName='updatedname5', RoleDesc='承运方管理员', SuperRoleName='corpration'}
[INFO ][20180530 10:42:56,520][TestRole:38] Inserted : Role{RoleName='duyanting', RoleDesc='null', SuperRoleName='null'}
[INFO ][20180530 10:42:56,529][TestRole:123] Item0:Role{RoleName='admin_finance', RoleDesc='财务管理员', SuperRoleName='corp_admin'}
[INFO ][20180530 10:42:56,529][TestRole:123] Item1:Role{RoleName='admin_project', RoleDesc='项目管理员', SuperRoleName='corp_admin'}
[INFO ][20180530 10:42:56,530][TestRole:123] Item2:Role{RoleName='admin_warehouse', RoleDesc='仓库管理员', SuperRoleName='corp_admin'}
[INFO ][20180530 10:42:56,530][TestRole:123] Item3:Role{RoleName='superadmin', RoleDesc='超级管理员', SuperRoleName='null'}
[INFO ][20180530 10:42:56,536][TestRole:60] Before Update: Role{RoleName='updatedname4', RoleDesc='承运方账号', SuperRoleName='superadmin'}
[INFO ][20180530 10:42:56,550][TestRole:63] After Updated: Role{RoleName='updatedname3', RoleDesc='承运方账号', SuperRoleName='superadmin'}
[INFO ][20180530 10:42:56,566][TestRole:133] PageBean{currentPage=2, numPerPage=2, totalCount=22, pageCount=11, beginPageIndex=1, endPageIndex=10}
[INFO ][20180530 10:42:56,566][TestRole:136] Item0:Role{RoleName='duyanting3', RoleDesc='null', SuperRoleName='null'}
[INFO ][20180530 10:42:56,567][TestRole:136] Item1:Role{RoleName='duyanting4', RoleDesc='null', SuperRoleName='null'}
[INFO ][20180530 10:42:56,569][AbstractTestContextBootstrapper:248] Loaded default TestExecutionListener class names from location [META-INF/spring.factories]: [org.springframework.test.context.web.ServletTestExecutionListener, org.springframework.test.context.support.DirtiesContextBeforeModesTestExecutionListener, org.springframework.test.context.support.DependencyInjectionTestExecutionListener, org.springframework.test.context.support.DirtiesContextTestExecutionListener, org.springframework.test.context.transaction.TransactionalTestExecutionListener, org.springframework.test.context.jdbc.SqlScriptsTestExecutionListener]
[INFO ][20180530 10:42:56,570][AbstractTestContextBootstrapper:177] Using TestExecutionListeners: [org.springframework.test.context.web.ServletTestExecutionListener@4215838f, org.springframework.test.context.support.DirtiesContextBeforeModesTestExecutionListener@452ba1db, org.springframework.test.context.support.DependencyInjectionTestExecutionListener@2289aca5, org.springframework.test.context.support.DirtiesContextTestExecutionListener@76a36b71, org.springframework.test.context.transaction.TransactionalTestExecutionListener@184497d1, org.springframework.test.context.jdbc.SqlScriptsTestExecutionListener@f9d87b]
[INFO ][20180530 10:42:56,599][TestRolePermission:55] Inserted : cn.AssassinG.scsycc.entitys.User.entity.Role_Permission@5e8f9e2d
[INFO ][20180530 10:42:56,605][TestRolePermission:57] Inserted : cn.AssassinG.scsycc.entitys.User.entity.Role_Permission@4602c2a9
[INFO ][20180530 10:42:56,621][TestRolePermission:73] Role_Permission2 Before Update: cn.AssassinG.scsycc.entitys.User.entity.Role_Permission@89ff02e
[INFO ][20180530 10:42:56,621][TestRolePermission:74] Role_Permission4 Before Update: cn.AssassinG.scsycc.entitys.User.entity.Role_Permission@6865c751
[INFO ][20180530 10:42:56,639][TestRolePermission:81] Role_Permission2 After Updated: cn.AssassinG.scsycc.entitys.User.entity.Role_Permission@3624da92
[INFO ][20180530 10:42:56,644][TestRolePermission:82] Role_Permission4 After Updated: cn.AssassinG.scsycc.entitys.User.entity.Role_Permission@1255b1d1
[INFO ][20180530 10:42:56,651][TestRolePermission:29] The role_permission who's id = 1 : cn.AssassinG.scsycc.entitys.User.entity.Role_Permission@51e4ccb3
[INFO ][20180530 10:42:56,660][TestRolePermission:106] Item0:cn.AssassinG.scsycc.entitys.User.entity.Role_Permission@841e575
[INFO ][20180530 10:42:56,661][TestRolePermission:106] Item1:cn.AssassinG.scsycc.entitys.User.entity.Role_Permission@27a5328c
[INFO ][20180530 10:42:56,661][TestRolePermission:106] Item2:cn.AssassinG.scsycc.entitys.User.entity.Role_Permission@1e5f4170
[INFO ][20180530 10:42:56,661][TestRolePermission:106] Item3:cn.AssassinG.scsycc.entitys.User.entity.Role_Permission@6c345c5f
[INFO ][20180530 10:42:56,661][TestRolePermission:106] Item4:cn.AssassinG.scsycc.entitys.User.entity.Role_Permission@6b5966e1
[INFO ][20180530 10:42:56,662][TestRolePermission:106] Item5:cn.AssassinG.scsycc.entitys.User.entity.Role_Permission@65e61854
[INFO ][20180530 10:42:56,662][TestRolePermission:106] Item6:cn.AssassinG.scsycc.entitys.User.entity.Role_Permission@1568159
[INFO ][20180530 10:42:56,662][TestRolePermission:106] Item7:cn.AssassinG.scsycc.entitys.User.entity.Role_Permission@4fcee388
[INFO ][20180530 10:42:56,663][TestRolePermission:106] Item8:cn.AssassinG.scsycc.entitys.User.entity.Role_Permission@6f80fafe
[INFO ][20180530 10:42:56,671][TestRolePermission:88] Before Delete cn.AssassinG.scsycc.entitys.User.entity.Role_Permission@224b4d61
[INFO ][20180530 10:42:56,685][TestRolePermission:90] After Deleted cn.AssassinG.scsycc.entitys.User.entity.Role_Permission@439a8f59
[INFO ][20180530 10:42:56,700][TestRolePermission:97] Before Delete cn.AssassinG.scsycc.entitys.User.entity.Role_Permission@6fff253c
[INFO ][20180530 10:42:56,713][TestRolePermission:99] After Deleted cn.AssassinG.scsycc.entitys.User.entity.Role_Permission@2f162cc0
[INFO ][20180530 10:42:56,731][TestRolePermission:41] Inserted : cn.AssassinG.scsycc.entitys.User.entity.Role_Permission@7859e786
[INFO ][20180530 10:42:56,740][TestRolePermission:126] Item0:cn.AssassinG.scsycc.entitys.User.entity.Role_Permission@7876d598
[INFO ][20180530 10:42:56,741][TestRolePermission:126] Item1:cn.AssassinG.scsycc.entitys.User.entity.Role_Permission@4a3e3e8b
[INFO ][20180530 10:42:56,741][TestRolePermission:126] Item2:cn.AssassinG.scsycc.entitys.User.entity.Role_Permission@5af28b27
[INFO ][20180530 10:42:56,742][TestRolePermission:126] Item3:cn.AssassinG.scsycc.entitys.User.entity.Role_Permission@71104a4
[INFO ][20180530 10:42:56,742][TestRolePermission:126] Item4:cn.AssassinG.scsycc.entitys.User.entity.Role_Permission@4985cbcb
[INFO ][20180530 10:42:56,746][TestRolePermission:126] Item5:cn.AssassinG.scsycc.entitys.User.entity.Role_Permission@72f46e16
[INFO ][20180530 10:42:56,746][TestRolePermission:126] Item6:cn.AssassinG.scsycc.entitys.User.entity.Role_Permission@3c9168dc
[INFO ][20180530 10:42:56,746][TestRolePermission:126] Item7:cn.AssassinG.scsycc.entitys.User.entity.Role_Permission@332a7fce
[INFO ][20180530 10:42:56,748][TestRolePermission:126] Item8:cn.AssassinG.scsycc.entitys.User.entity.Role_Permission@549621f3
[INFO ][20180530 10:42:56,748][TestRolePermission:126] Item9:cn.AssassinG.scsycc.entitys.User.entity.Role_Permission@54361a9
[INFO ][20180530 10:42:56,755][TestRolePermission:63] Before Update: cn.AssassinG.scsycc.entitys.User.entity.Role_Permission@6fa590ba
[INFO ][20180530 10:42:56,766][TestRolePermission:66] After Updated: cn.AssassinG.scsycc.entitys.User.entity.Role_Permission@18e7143f
[INFO ][20180530 10:42:56,774][TestRolePermission:136] PageBean{currentPage=2, numPerPage=2, totalCount=8, pageCount=4, beginPageIndex=1, endPageIndex=4}
[INFO ][20180530 10:42:56,775][TestRolePermission:139] Item0:cn.AssassinG.scsycc.entitys.User.entity.Role_Permission@2fab4aff
[INFO ][20180530 10:42:56,775][TestRolePermission:139] Item1:cn.AssassinG.scsycc.entitys.User.entity.Role_Permission@ec0c838
[INFO ][20180530 10:42:56,779][AbstractTestContextBootstrapper:248] Loaded default TestExecutionListener class names from location [META-INF/spring.factories]: [org.springframework.test.context.web.ServletTestExecutionListener, org.springframework.test.context.support.DirtiesContextBeforeModesTestExecutionListener, org.springframework.test.context.support.DependencyInjectionTestExecutionListener, org.springframework.test.context.support.DirtiesContextTestExecutionListener, org.springframework.test.context.transaction.TransactionalTestExecutionListener, org.springframework.test.context.jdbc.SqlScriptsTestExecutionListener]
[INFO ][20180530 10:42:56,779][AbstractTestContextBootstrapper:177] Using TestExecutionListeners: [org.springframework.test.context.web.ServletTestExecutionListener@29cfd92b, org.springframework.test.context.support.DirtiesContextBeforeModesTestExecutionListener@21c64522, org.springframework.test.context.support.DependencyInjectionTestExecutionListener@7997b197, org.springframework.test.context.support.DirtiesContextTestExecutionListener@11dee337, org.springframework.test.context.transaction.TransactionalTestExecutionListener@460f76a6, org.springframework.test.context.jdbc.SqlScriptsTestExecutionListener@55f3c410]
[INFO ][20180530 10:42:56,792][TestUser:116] User{username='superadmin', password='{noop}123456', id=1, createTime=Fri May 11 14:45:41 CST 2018, updateTime=Sat May 26 15:58:30 CST 2018, deleteTime=Sat May 26 15:58:30 CST 2018, isDeleted=true}
[INFO ][20180530 10:42:56,804][TestUser:56] Inserted : User{username='duyanting3', password='null', id=27, createTime=Wed May 30 10:42:56 CST 2018, updateTime=Wed May 30 10:42:56 CST 2018, deleteTime=null, isDeleted=false}
[INFO ][20180530 10:42:56,810][TestUser:58] Inserted : User{username='duyanting4', password='null', id=28, createTime=Wed May 30 10:42:56 CST 2018, updateTime=Wed May 30 10:42:56 CST 2018, deleteTime=null, isDeleted=false}
[INFO ][20180530 10:42:56,818][TestUser:74] User2 Before Update: User{username='updatedname3', password='{noop}123456', id=2, createTime=Fri May 11 14:45:41 CST 2018, updateTime=Mon May 28 09:31:04 CST 2018, deleteTime=Mon May 28 09:31:04 CST 2018, isDeleted=true}
[INFO ][20180530 10:42:56,819][TestUser:75] User4 Before Update: User{username='updatedname5', password='d123456', id=4, createTime=Mon May 21 10:19:00 CST 2018, updateTime=Mon May 28 09:31:04 CST 2018, deleteTime=Mon May 28 09:31:04 CST 2018, isDeleted=true}
[INFO ][20180530 10:42:56,830][TestUser:82] User2 After Updated: User{username='updatedname4', password='{noop}123456', id=2, createTime=Fri May 11 14:45:41 CST 2018, updateTime=Wed May 30 10:42:56 CST 2018, deleteTime=Mon May 28 09:31:04 CST 2018, isDeleted=true}
[INFO ][20180530 10:42:56,834][TestUser:83] User4 After Updated: User{username='updatedname5', password='d123456', id=4, createTime=Mon May 21 10:19:00 CST 2018, updateTime=Wed May 30 10:42:56 CST 2018, deleteTime=Mon May 28 09:31:04 CST 2018, isDeleted=true}
[INFO ][20180530 10:42:56,839][TestUser:29] The user who's id = 1 : User{username='superadmin', password='{noop}123456', id=1, createTime=Fri May 11 14:45:41 CST 2018, updateTime=Sat May 26 15:58:30 CST 2018, deleteTime=Sat May 26 15:58:30 CST 2018, isDeleted=true}
[INFO ][20180530 10:42:56,850][TestUser:107] Item0:User{username='superadmin', password='{noop}123456', id=1, createTime=Fri May 11 14:45:41 CST 2018, updateTime=Sat May 26 15:58:30 CST 2018, deleteTime=Sat May 26 15:58:30 CST 2018, isDeleted=true}
[INFO ][20180530 10:42:56,851][TestUser:107] Item1:User{username='updatedname4', password='{noop}123456', id=2, createTime=Fri May 11 14:45:41 CST 2018, updateTime=Wed May 30 10:42:56 CST 2018, deleteTime=Mon May 28 09:31:04 CST 2018, isDeleted=true}
[INFO ][20180530 10:42:56,851][TestUser:107] Item2:User{username='updatedname5', password='d123456', id=4, createTime=Mon May 21 10:19:00 CST 2018, updateTime=Wed May 30 10:42:56 CST 2018, deleteTime=Mon May 28 09:31:04 CST 2018, isDeleted=true}
[INFO ][20180530 10:42:56,851][TestUser:107] Item3:User{username='duyanting', password='d123456', id=5, createTime=Fri May 25 09:54:38 CST 2018, updateTime=Fri May 25 09:54:38 CST 2018, deleteTime=null, isDeleted=false}
[INFO ][20180530 10:42:56,852][TestUser:107] Item4:User{username='duyanting3', password='null', id=6, createTime=Fri May 25 09:54:47 CST 2018, updateTime=Fri May 25 09:54:47 CST 2018, deleteTime=null, isDeleted=false}
[INFO ][20180530 10:42:56,852][TestUser:107] Item5:User{username='duyanting4', password='null', id=7, createTime=Fri May 25 09:54:47 CST 2018, updateTime=Fri May 25 09:54:47 CST 2018, deleteTime=null, isDeleted=false}
[INFO ][20180530 10:42:56,852][TestUser:107] Item6:User{username='duyanting3', password='null', id=8, createTime=Fri May 25 09:54:56 CST 2018, updateTime=Fri May 25 09:54:56 CST 2018, deleteTime=null, isDeleted=false}
[INFO ][20180530 10:42:56,852][TestUser:107] Item7:User{username='duyanting4', password='null', id=9, createTime=Fri May 25 09:54:56 CST 2018, updateTime=Fri May 25 09:54:56 CST 2018, deleteTime=null, isDeleted=false}
[INFO ][20180530 10:42:56,853][TestUser:107] Item8:User{username='duyanting', password='123456', id=10, createTime=Fri May 25 09:54:56 CST 2018, updateTime=Fri May 25 09:54:56 CST 2018, deleteTime=null, isDeleted=false}
[INFO ][20180530 10:42:56,853][TestUser:107] Item9:User{username='duyanting', password='d123456', id=11, createTime=Fri May 25 09:54:56 CST 2018, updateTime=Fri May 25 09:54:56 CST 2018, deleteTime=null, isDeleted=false}
[INFO ][20180530 10:42:56,853][TestUser:107] Item10:User{username='duyanting', password='d123456', id=12, createTime=Fri May 25 10:55:14 CST 2018, updateTime=Fri May 25 10:55:14 CST 2018, deleteTime=null, isDeleted=false}
[INFO ][20180530 10:42:56,854][TestUser:107] Item11:User{username='duyanting3', password='null', id=13, createTime=Fri May 25 10:55:22 CST 2018, updateTime=Fri May 25 10:55:22 CST 2018, deleteTime=null, isDeleted=false}
[INFO ][20180530 10:42:56,854][TestUser:107] Item12:User{username='duyanting4', password='null', id=14, createTime=Fri May 25 10:55:22 CST 2018, updateTime=Fri May 25 10:55:22 CST 2018, deleteTime=null, isDeleted=false}
[INFO ][20180530 10:42:56,854][TestUser:107] Item13:User{username='duyanting', password='d123456', id=15, createTime=Sat May 26 15:13:25 CST 2018, updateTime=Sat May 26 15:13:25 CST 2018, deleteTime=null, isDeleted=false}
[INFO ][20180530 10:42:56,854][TestUser:107] Item14:User{username='duyanting3', password='null', id=16, createTime=Sat May 26 15:16:33 CST 2018, updateTime=Sat May 26 15:16:33 CST 2018, deleteTime=null, isDeleted=false}
[INFO ][20180530 10:42:56,855][TestUser:107] Item15:User{username='duyanting4', password='null', id=17, createTime=Sat May 26 15:16:33 CST 2018, updateTime=Sat May 26 15:16:33 CST 2018, deleteTime=null, isDeleted=false}
[INFO ][20180530 10:42:56,855][TestUser:107] Item16:User{username='duyanting3', password='null', id=18, createTime=Sat May 26 15:48:34 CST 2018, updateTime=Sat May 26 15:48:34 CST 2018, deleteTime=null, isDeleted=false}
[INFO ][20180530 10:42:56,855][TestUser:107] Item17:User{username='duyanting4', password='null', id=19, createTime=Sat May 26 15:48:34 CST 2018, updateTime=Sat May 26 15:48:34 CST 2018, deleteTime=null, isDeleted=false}
[INFO ][20180530 10:42:56,856][TestUser:107] Item18:User{username='duyanting3', password='null', id=20, createTime=Sat May 26 15:49:43 CST 2018, updateTime=Sat May 26 15:49:43 CST 2018, deleteTime=null, isDeleted=false}
[INFO ][20180530 10:42:56,856][TestUser:107] Item19:User{username='duyanting4', password='null', id=21, createTime=Sat May 26 15:49:43 CST 2018, updateTime=Sat May 26 15:49:43 CST 2018, deleteTime=null, isDeleted=false}
[INFO ][20180530 10:42:56,856][TestUser:107] Item20:User{username='duyanting3', password='null', id=22, createTime=Sat May 26 15:50:21 CST 2018, updateTime=Sat May 26 15:50:21 CST 2018, deleteTime=null, isDeleted=false}
[INFO ][20180530 10:42:56,857][TestUser:107] Item21:User{username='duyanting4', password='null', id=23, createTime=Sat May 26 15:50:21 CST 2018, updateTime=Sat May 26 15:50:21 CST 2018, deleteTime=null, isDeleted=false}
[INFO ][20180530 10:42:56,857][TestUser:107] Item22:User{username='duyanting3', password='null', id=24, createTime=Mon May 28 09:31:04 CST 2018, updateTime=Mon May 28 09:31:04 CST 2018, deleteTime=null, isDeleted=false}
[INFO ][20180530 10:42:56,857][TestUser:107] Item23:User{username='duyanting4', password='null', id=25, createTime=Mon May 28 09:31:04 CST 2018, updateTime=Mon May 28 09:31:04 CST 2018, deleteTime=null, isDeleted=false}
[INFO ][20180530 10:42:56,857][TestUser:107] Item24:User{username='duyanting', password='d123456', id=26, createTime=Mon May 28 09:31:04 CST 2018, updateTime=Mon May 28 09:31:04 CST 2018, deleteTime=null, isDeleted=false}
[INFO ][20180530 10:42:56,858][TestUser:107] Item25:User{username='duyanting3', password='null', id=27, createTime=Wed May 30 10:42:56 CST 2018, updateTime=Wed May 30 10:42:56 CST 2018, deleteTime=null, isDeleted=false}
[INFO ][20180530 10:42:56,858][TestUser:107] Item26:User{username='duyanting4', password='null', id=28, createTime=Wed May 30 10:42:56 CST 2018, updateTime=Wed May 30 10:42:56 CST 2018, deleteTime=null, isDeleted=false}
[INFO ][20180530 10:42:56,864][TestUser:146] The user who's username = superadmin : User{username='superadmin', password='{noop}123456', id=1, createTime=Fri May 11 14:45:41 CST 2018, updateTime=Sat May 26 15:58:30 CST 2018, deleteTime=Sat May 26 15:58:30 CST 2018, isDeleted=true}
[INFO ][20180530 10:42:56,870][TestUser:89] Before Delete User{username='updatedname4', password='{noop}123456', id=2, createTime=Fri May 11 14:45:41 CST 2018, updateTime=Wed May 30 10:42:56 CST 2018, deleteTime=Mon May 28 09:31:04 CST 2018, isDeleted=true}
[INFO ][20180530 10:42:56,879][TestUser:91] After Deleted User{username='updatedname4', password='{noop}123456', id=2, createTime=Fri May 11 14:45:41 CST 2018, updateTime=Wed May 30 10:42:56 CST 2018, deleteTime=Wed May 30 10:42:56 CST 2018, isDeleted=true}
[INFO ][20180530 10:42:56,886][TestUser:98] Before Delete User{username='updatedname5', password='d123456', id=4, createTime=Mon May 21 10:19:00 CST 2018, updateTime=Wed May 30 10:42:56 CST 2018, deleteTime=Mon May 28 09:31:04 CST 2018, isDeleted=true}
[INFO ][20180530 10:42:56,896][TestUser:100] After Deleted User{username='updatedname5', password='d123456', id=4, createTime=Mon May 21 10:19:00 CST 2018, updateTime=Wed May 30 10:42:56 CST 2018, deleteTime=Wed May 30 10:42:56 CST 2018, isDeleted=true}
[INFO ][20180530 10:42:56,912][TestUser:42] Inserted : User{username='duyanting', password='d123456', id=29, createTime=Wed May 30 10:42:56 CST 2018, updateTime=Wed May 30 10:42:56 CST 2018, deleteTime=null, isDeleted=false}
[INFO ][20180530 10:42:56,918][TestUser:127] Item0:User{username='superadmin', password='{noop}123456', id=1, createTime=Fri May 11 14:45:41 CST 2018, updateTime=Sat May 26 15:58:30 CST 2018, deleteTime=Sat May 26 15:58:30 CST 2018, isDeleted=true}
[INFO ][20180530 10:42:56,923][TestUser:64] Before Update: User{username='updatedname4', password='{noop}123456', id=2, createTime=Fri May 11 14:45:41 CST 2018, updateTime=Wed May 30 10:42:56 CST 2018, deleteTime=Wed May 30 10:42:56 CST 2018, isDeleted=true}
[INFO ][20180530 10:42:56,932][TestUser:67] After Updated: User{username='updatedname3', password='{noop}123456', id=2, createTime=Fri May 11 14:45:41 CST 2018, updateTime=Wed May 30 10:42:56 CST 2018, deleteTime=Wed May 30 10:42:56 CST 2018, isDeleted=true}
[INFO ][20180530 10:42:56,938][TestUser:137] PageBean{currentPage=2, numPerPage=2, totalCount=25, pageCount=13, beginPageIndex=1, endPageIndex=10}
[INFO ][20180530 10:42:56,939][TestUser:140] Item0:User{username='duyanting3', password='null', id=27, createTime=Wed May 30 10:42:56 CST 2018, updateTime=Wed May 30 10:42:56 CST 2018, deleteTime=null, isDeleted=false}
[INFO ][20180530 10:42:56,939][TestUser:140] Item1:User{username='duyanting', password='d123456', id=26, createTime=Mon May 28 09:31:04 CST 2018, updateTime=Mon May 28 09:31:04 CST 2018, deleteTime=null, isDeleted=false}
[INFO ][20180530 10:42:56,941][AbstractTestContextBootstrapper:248] Loaded default TestExecutionListener class names from location [META-INF/spring.factories]: [org.springframework.test.context.web.ServletTestExecutionListener, org.springframework.test.context.support.DirtiesContextBeforeModesTestExecutionListener, org.springframework.test.context.support.DependencyInjectionTestExecutionListener, org.springframework.test.context.support.DirtiesContextTestExecutionListener, org.springframework.test.context.transaction.TransactionalTestExecutionListener, org.springframework.test.context.jdbc.SqlScriptsTestExecutionListener]
[INFO ][20180530 10:42:56,942][AbstractTestContextBootstrapper:177] Using TestExecutionListeners: [org.springframework.test.context.web.ServletTestExecutionListener@1eef9aef, org.springframework.test.context.support.DirtiesContextBeforeModesTestExecutionListener@11389053, org.springframework.test.context.support.DependencyInjectionTestExecutionListener@5db99216, org.springframework.test.context.support.DirtiesContextTestExecutionListener@3ec11999, org.springframework.test.context.transaction.TransactionalTestExecutionListener@5c1bd44c, org.springframework.test.context.jdbc.SqlScriptsTestExecutionListener@9f46d94]
[INFO ][20180530 10:42:56,969][TestUserRole:52] Inserted : User_Role{UserId=null, RoleId=1}
[INFO ][20180530 10:42:56,973][TestUserRole:54] Inserted : User_Role{UserId=null, RoleId=2}
[INFO ][20180530 10:42:56,981][TestUserRole:70] User_Role2 Before Update: User_Role{UserId=2, RoleId=1}
[INFO ][20180530 10:42:56,981][TestUserRole:71] User_Role4 Before Update: User_Role{UserId=null, RoleId=2}
[INFO ][20180530 10:42:56,994][TestUserRole:78] User_Role2 After Updated: User_Role{UserId=2, RoleId=1}
[INFO ][20180530 10:42:56,998][TestUserRole:79] User_Role4 After Updated: User_Role{UserId=null, RoleId=2}
[INFO ][20180530 10:42:57,003][TestUserRole:26] The user_role who's id = 1 : User_Role{UserId=1, RoleId=1}
[INFO ][20180530 10:42:57,011][TestUserRole:103] Item0:User_Role{UserId=1, RoleId=1}
[INFO ][20180530 10:42:57,011][TestUserRole:103] Item1:User_Role{UserId=2, RoleId=1}
[INFO ][20180530 10:42:57,011][TestUserRole:103] Item2:User_Role{UserId=1, RoleId=2}
[INFO ][20180530 10:42:57,012][TestUserRole:103] Item3:User_Role{UserId=null, RoleId=2}
[INFO ][20180530 10:42:57,012][TestUserRole:103] Item4:User_Role{UserId=null, RoleId=2}
[INFO ][20180530 10:42:57,012][TestUserRole:103] Item5:User_Role{UserId=null, RoleId=1}
[INFO ][20180530 10:42:57,013][TestUserRole:103] Item6:User_Role{UserId=null, RoleId=1}
[INFO ][20180530 10:42:57,013][TestUserRole:103] Item7:User_Role{UserId=null, RoleId=2}
[INFO ][20180530 10:42:57,017][TestUserRole:85] Before Delete User_Role{UserId=2, RoleId=1}
[INFO ][20180530 10:42:57,026][TestUserRole:87] After Deleted User_Role{UserId=2, RoleId=1}
[INFO ][20180530 10:42:57,035][TestUserRole:94] Before Delete User_Role{UserId=null, RoleId=2}
[INFO ][20180530 10:42:57,046][TestUserRole:96] After Deleted User_Role{UserId=null, RoleId=2}
[INFO ][20180530 10:42:57,054][TestUserRole:38] Inserted : User_Role{UserId=null, RoleId=1}
[INFO ][20180530 10:42:57,058][TestUserRole:122] Item0:User_Role{UserId=null, RoleId=1}
[INFO ][20180530 10:42:57,059][TestUserRole:122] Item1:User_Role{UserId=null, RoleId=2}
[INFO ][20180530 10:42:57,059][TestUserRole:122] Item2:User_Role{UserId=null, RoleId=1}
[INFO ][20180530 10:42:57,059][TestUserRole:122] Item3:User_Role{UserId=null, RoleId=1}
[INFO ][20180530 10:42:57,060][TestUserRole:122] Item4:User_Role{UserId=null, RoleId=2}
[INFO ][20180530 10:42:57,060][TestUserRole:122] Item5:User_Role{UserId=1, RoleId=2}
[INFO ][20180530 10:42:57,061][TestUserRole:122] Item6:User_Role{UserId=1, RoleId=1}
[INFO ][20180530 10:42:57,065][TestUserRole:60] Before Update: User_Role{UserId=2, RoleId=1}
[INFO ][20180530 10:42:57,075][TestUserRole:63] After Updated: User_Role{UserId=2, RoleId=1}
[INFO ][20180530 10:42:57,083][TestUserRole:132] PageBean{currentPage=2, numPerPage=2, totalCount=7, pageCount=4, beginPageIndex=1, endPageIndex=4}
[INFO ][20180530 10:42:57,084][TestUserRole:135] Item0:User_Role{UserId=null, RoleId=1}
[INFO ][20180530 10:42:57,084][TestUserRole:135] Item1:User_Role{UserId=null, RoleId=1}
[INFO ][20180530 10:42:57,086][AbstractTestContextBootstrapper:248] Loaded default TestExecutionListener class names from location [META-INF/spring.factories]: [org.springframework.test.context.web.ServletTestExecutionListener, org.springframework.test.context.support.DirtiesContextBeforeModesTestExecutionListener, org.springframework.test.context.support.DependencyInjectionTestExecutionListener, org.springframework.test.context.support.DirtiesContextTestExecutionListener, org.springframework.test.context.transaction.TransactionalTestExecutionListener, org.springframework.test.context.jdbc.SqlScriptsTestExecutionListener]
[INFO ][20180530 10:42:57,086][AbstractTestContextBootstrapper:177] Using TestExecutionListeners: [org.springframework.test.context.web.ServletTestExecutionListener@56b78e55, org.springframework.test.context.support.DirtiesContextBeforeModesTestExecutionListener@76318a7d, org.springframework.test.context.support.DependencyInjectionTestExecutionListener@2a492f2a, org.springframework.test.context.support.DirtiesContextTestExecutionListener@3277e499, org.springframework.test.context.transaction.TransactionalTestExecutionListener@585811a4, org.springframework.test.context.jdbc.SqlScriptsTestExecutionListener@22c01ab0]
[INFO ][20180530 10:42:57,105][TestUser:131] Before The user who's id = 1 has roles:
[INFO ][20180530 10:42:57,106][TestUser:133] Role{RoleName='updatedname3', RoleDesc='承运方账号', SuperRoleName='superadmin'}
[INFO ][20180530 10:42:57,107][TestUser:133] Role{RoleName='superadmin', RoleDesc='超级管理员', SuperRoleName='null'}
[INFO ][20180530 10:42:57,107][TestUser:133] Role{RoleName='government', RoleDesc='政府账号', SuperRoleName='superadmin'}
[INFO ][20180530 10:42:57,111][TestUser:135] After The user who's id = 1 has roles:
[INFO ][20180530 10:42:57,111][TestUser:137] Role{RoleName='updatedname3', RoleDesc='承运方账号', SuperRoleName='superadmin'}
[INFO ][20180530 10:42:57,112][TestUser:137] Role{RoleName='superadmin', RoleDesc='超级管理员', SuperRoleName='null'}
[INFO ][20180530 10:42:57,112][TestUser:137] Role{RoleName='government', RoleDesc='政府账号', SuperRoleName='superadmin'}
[INFO ][20180530 10:42:57,113][TestUser:91] All permissions in DB:
[INFO ][20180530 10:42:57,117][TestUser:94] Permission{PermissionName='duyanting', PermissionDesc='null'}
[INFO ][20180530 10:42:57,119][TestUser:94] Permission{PermissionName='duyanting4', PermissionDesc='null'}
[INFO ][20180530 10:42:57,120][TestUser:94] Permission{PermissionName='duyanting3', PermissionDesc='null'}
[INFO ][20180530 10:42:57,121][TestUser:94] Permission{PermissionName='duyanting', PermissionDesc='null'}
[INFO ][20180530 10:42:57,121][TestUser:94] Permission{PermissionName='duyanting4', PermissionDesc='null'}
[INFO ][20180530 10:42:57,122][TestUser:94] Permission{PermissionName='duyanting3', PermissionDesc='null'}
[INFO ][20180530 10:42:57,122][TestUser:94] Permission{PermissionName='RES_SER_AUTHREAD', PermissionDesc='读取所有权限配置'}
[INFO ][20180530 10:42:57,122][TestUser:94] Permission{PermissionName='ROLE_URL_HOME', PermissionDesc='访问主页'}
[INFO ][20180530 10:42:57,136][TestUser:45] Inserted : User{username='duyanting', password='123456', id=30, createTime=Wed May 30 10:42:57 CST 2018, updateTime=Wed May 30 10:42:57 CST 2018, deleteTime=null, isDeleted=false}
[INFO ][20180530 10:42:57,141][TestUser:103] Before The role who's id = 1 has permissions:
[INFO ][20180530 10:42:57,141][TestUser:105] Permission{PermissionName='ROLE_URL_HOME', PermissionDesc='访问主页'}
[INFO ][20180530 10:42:57,149][TestUser:107] After The role who's id = 1 has permissions:
[INFO ][20180530 10:42:57,149][TestUser:109] Permission{PermissionName='ROLE_URL_HOME', PermissionDesc='访问主页'}
[INFO ][20180530 10:42:57,154][TestUser:83] The user named superadmin has following permissions:
[INFO ][20180530 10:42:57,158][TestUser:51] Before Update: User{username='updatedname3', password='{noop}123456', id=2, createTime=Fri May 11 14:45:41 CST 2018, updateTime=Wed May 30 10:42:56 CST 2018, deleteTime=Wed May 30 10:42:56 CST 2018, isDeleted=true}
[INFO ][20180530 10:42:57,169][TestUser:55] After Updated: User{username='duyanting2', password='123456', id=2, createTime=Fri May 11 14:45:41 CST 2018, updateTime=Wed May 30 10:42:57 CST 2018, deleteTime=Wed May 30 10:42:56 CST 2018, isDeleted=true}
[INFO ][20180530 10:42:57,173][TestUser:117] Before The role who's id = 1 has permissions:
[INFO ][20180530 10:42:57,173][TestUser:119] Permission{PermissionName='ROLE_URL_HOME', PermissionDesc='访问主页'}
[INFO ][20180530 10:42:57,178][TestUser:121] After The role who's id = 1 has permissions:
[INFO ][20180530 10:42:57,179][TestUser:123] Permission{PermissionName='ROLE_URL_HOME', PermissionDesc='访问主页'}
[INFO ][20180530 10:42:57,183][TestUser:61] Before Delete User{username='duyanting2', password='123456', id=2, createTime=Fri May 11 14:45:41 CST 2018, updateTime=Wed May 30 10:42:57 CST 2018, deleteTime=Wed May 30 10:42:56 CST 2018, isDeleted=true}
[INFO ][20180530 10:42:57,192][TestUser:63] After Deleted User{username='duyanting2', password='123456', id=2, createTime=Fri May 11 14:45:41 CST 2018, updateTime=Wed May 30 10:42:57 CST 2018, deleteTime=Wed May 30 10:42:57 CST 2018, isDeleted=true}
[INFO ][20180530 10:42:57,198][TestUser:68] Find user who's id = 1: null
[INFO ][20180530 10:42:57,213][TestUser:145] Before The user who's id = 1 has roles:
[INFO ][20180530 10:42:57,213][TestUser:147] Role{RoleName='updatedname3', RoleDesc='承运方账号', SuperRoleName='superadmin'}
[INFO ][20180530 10:42:57,214][TestUser:147] Role{RoleName='superadmin', RoleDesc='超级管理员', SuperRoleName='null'}
[INFO ][20180530 10:42:57,214][TestUser:147] Role{RoleName='government', RoleDesc='政府账号', SuperRoleName='superadmin'}
[INFO ][20180530 10:42:57,218][TestUser:149] After The user who's id = 1 has roles:
[INFO ][20180530 10:42:57,218][TestUser:151] Role{RoleName='updatedname3', RoleDesc='承运方账号', SuperRoleName='superadmin'}
[INFO ][20180530 10:42:57,219][TestUser:151] Role{RoleName='superadmin', RoleDesc='超级管理员', SuperRoleName='null'}
[INFO ][20180530 10:42:57,219][TestUser:151] Role{RoleName='government', RoleDesc='政府账号', SuperRoleName='superadmin'}
[INFO ][20180530 10:42:57,223][TestUser:76] Find user who's username = superadmin: null
[INFO ][20180530 10:42:57,232][AbstractApplicationContext:989] Closing org.springframework.context.support.GenericApplicationContext@74ad1f1f: startup date [Wed May 30 10:42:53 CST 2018]; root of context hierarchy
[WARN ][20180530 10:42:57,239][DisposableBeanAdapter:347] Invocation of destroy method 'close' failed on bean with name 'sessionTemplate': java.lang.UnsupportedOperationException: Manual close is not allowed over a Spring managed SqlSession
